

Fatal error: Exception code=C0000005 @ 05/06/14 07:32:45 PM. Error log file: C:\Sistemas\Factura\VFP7Rerr.log


Fatal error: Exception code=C0000005 @ 05/06/14 07:32:45 PM. Error log file: C:\Sistemas\Factura\VFP7Rerr.log


Fatal error: Exception code=C0000005 @ 05/06/14 07:32:45 PM. Error log file: C:\Sistemas\Factura\VFP7Rerr.log


Fatal error: Exception code=C0000005 @ 05/06/14 07:32:45 PM. Error log file: C:\Sistemas\Factura\VFP7Rerr.log


Fatal error: Exception code=C0000005 @ 05/06/14 07:32:45 PM. Error log file: C:\Sistemas\Factura\VFP7Rerr.log


Fatal error: Exception code=C0000005 @ 05/06/14 07:32:45 PM. Error log file: C:\Sistemas\Factura\VFP7Rerr.log


Fatal error: Exception code=C0000005 @ 05/06/14 07:32:45 PM. Error log file: C:\Sistemas\Factura\VFP7Rerr.log


Fatal error: Exception code=C0000005 @ 05/06/14 07:32:45 PM. Error log file: C:\Sistemas\Factura\VFP7Rerr.log


Fatal error: Exception code=C0000005 @ 05/06/14 07:32:45 PM. Error log file: C:\Sistemas\Factura\VFP7Rerr.log


Fatal error: Exception code=C0000005 @ 05/06/14 07:32:45 PM. Error log file: C:\Sistemas\Factura\VFP7Rerr.log


Fatal error: Exception code=C0000005 @ 05/06/14 07:32:45 PM. Error log file: C:\Sistemas\Factura\VFP7Rerr.log


Fatal error: Exception code=C0000005 @ 05/06/14 07:32:45 PM. Error log file: C:\Sistemas\Factura\VFP7Rerr.log


Fatal error: Exception code=C0000005 @ 05/06/14 07:32:45 PM. Error log file: C:\Sistemas\Factura\VFP7Rerr.log


Fatal error: Exception code=C0000005 @ 05/06/14 07:32:45 PM. Error log file: C:\Sistemas\Factura\VFP7Rerr.log


Fatal error: Exception code=C0000005 @ 05/06/14 07:32:45 PM. Error log file: C:\Sistemas\Factura\VFP7Rerr.log


Fatal error: Exception code=C0000005 @ 05/06/14 07:32:45 PM. Error log file: C:\Sistemas\Factura\VFP7Rerr.log


Fatal error: Exception code=C0000005 @ 05/06/14 07:32:45 PM. Error log file: C:\Sistemas\Factura\VFP7Rerr.log


Fatal error: Exception code=C0000005 @ 05/06/14 07:32:45 PM. Error log file: C:\Sistemas\Factura\VFP7Rerr.log


Fatal error: Exception code=C0000005 @ 05/06/14 07:32:45 PM. Error log file: C:\Sistemas\Factura\VFP7Rerr.log


Fatal error: Exception code=C0000005 @ 05/06/14 07:32:45 PM. Error log file: C:\Sistemas\Factura\VFP7Rerr.log


Fatal error: Exception code=C0000005 @ 05/06/14 07:32:45 PM. Error log file: C:\Sistemas\Factura\VFP7Rerr.log


Fatal error: Exception code=C0000005 @ 05/06/14 07:32:45 PM. Error log file: C:\Sistemas\Factura\VFP7Rerr.log


Fatal error: Exception code=C0000005 @ 05/06/14 07:32:45 PM. Error log file: C:\Sistemas\Factura\VFP7Rerr.log


Fatal error: Exception code=C0000005 @ 05/06/14 07:32:45 PM. Error log file: C:\Sistemas\Factura\VFP7Rerr.log


Fatal error: Exception code=C0000005 @ 05/06/14 07:32:45 PM. Error log file: C:\Sistemas\Factura\VFP7Rerr.log


Fatal error: Exception code=C0000005 @ 05/06/14 07:32:45 PM. Error log file: C:\Sistemas\Factura\VFP7Rerr.log


Fatal error: Exception code=C0000005 @ 05/06/14 07:32:45 PM. Error log file: C:\Sistemas\Factura\VFP7Rerr.log


Fatal error: Exception code=C0000005 @ 05/06/14 07:32:45 PM. Error log file: C:\Sistemas\Factura\VFP7Rerr.log


Fatal error: Exception code=C0000005 @ 05/06/14 07:32:45 PM. Error log file: C:\Sistemas\Factura\VFP7Rerr.log


Fatal error: Exception code=C0000005 @ 05/06/14 07:32:45 PM. Error log file: C:\Sistemas\Factura\VFP7Rerr.log


Fatal error: Exception code=C0000005 @ 05/06/14 07:32:45 PM. Error log file: C:\Sistemas\Factura\VFP7Rerr.log


Fatal error: Exception code=C0000005 @ 05/06/14 07:32:45 PM. Error log file: C:\Sistemas\Factura\VFP7Rerr.log


Fatal error: Exception code=C0000005 @ 05/06/14 07:32:45 PM. Error log file: C:\Sistemas\Factura\VFP7Rerr.log


Fatal error: Exception code=C0000005 @ 05/06/14 07:32:45 PM. Error log file: C:\Sistemas\Factura\VFP7Rerr.log


Fatal error: Exception code=C0000005 @ 05/06/14 07:32:45 PM. Error log file: C:\Sistemas\Factura\VFP7Rerr.log


Fatal error: Exception code=C0000005 @ 05/06/14 07:32:45 PM. Error log file: C:\Sistemas\Factura\VFP7Rerr.log


Fatal error: Exception code=C0000005 @ 05/06/14 07:32:45 PM. Error log file: C:\Sistemas\Factura\VFP7Rerr.log


Fatal error: Exception code=C0000005 @ 05/06/14 07:32:45 PM. Error log file: C:\Sistemas\Factura\VFP7Rerr.log


Fatal error: Exception code=C0000005 @ 05/06/14 07:38:40 PM. Error log file: C:\Sistemas\Factura\VFP7Rerr.log


Fatal error: Exception code=C0000005 @ 05/06/14 07:38:40 PM. Error log file: C:\Sistemas\Factura\VFP7Rerr.log


Fatal error: Exception code=C0000005 @ 05/06/14 07:38:40 PM. Error log file: C:\Sistemas\Factura\VFP7Rerr.log


Fatal error: Exception code=C0000005 @ 05/06/14 07:38:40 PM. Error log file: C:\Sistemas\Factura\VFP7Rerr.log


Fatal error: Exception code=C0000005 @ 05/06/14 07:38:40 PM. Error log file: C:\Sistemas\Factura\VFP7Rerr.log


Fatal error: Exception code=C0000005 @ 05/06/14 07:38:40 PM. Error log file: C:\Sistemas\Factura\VFP7Rerr.log


Fatal error: Exception code=C0000005 @ 05/06/14 07:38:40 PM. Error log file: C:\Sistemas\Factura\VFP7Rerr.log


Fatal error: Exception code=C0000005 @ 05/06/14 07:38:40 PM. Error log file: C:\Sistemas\Factura\VFP7Rerr.log


Fatal error: Exception code=C0000005 @ 05/06/14 07:38:40 PM. Error log file: C:\Sistemas\Factura\VFP7Rerr.log


Fatal error: Exception code=C0000005 @ 05/06/14 07:38:40 PM. Error log file: C:\Sistemas\Factura\VFP7Rerr.log


Fatal error: Exception code=C0000005 @ 05/06/14 07:38:40 PM. Error log file: C:\Sistemas\Factura\VFP7Rerr.log


Fatal error: Exception code=C0000005 @ 05/06/14 07:38:40 PM. Error log file: C:\Sistemas\Factura\VFP7Rerr.log


Fatal error: Exception code=C0000005 @ 05/06/14 07:38:40 PM. Error log file: C:\Sistemas\Factura\VFP7Rerr.log


Fatal error: Exception code=C0000005 @ 05/06/14 07:38:40 PM. Error log file: C:\Sistemas\Factura\VFP7Rerr.log


Fatal error: Exception code=C0000005 @ 05/06/14 07:38:40 PM. Error log file: C:\Sistemas\Factura\VFP7Rerr.log


Fatal error: Exception code=C0000005 @ 05/06/14 07:38:40 PM. Error log file: C:\Sistemas\Factura\VFP7Rerr.log


Fatal error: Exception code=C0000005 @ 05/06/14 07:38:40 PM. Error log file: C:\Sistemas\Factura\VFP7Rerr.log


Fatal error: Exception code=C0000005 @ 05/06/14 07:38:40 PM. Error log file: C:\Sistemas\Factura\VFP7Rerr.log


Fatal error: Exception code=C0000005 @ 05/06/14 07:38:40 PM. Error log file: C:\Sistemas\Factura\VFP7Rerr.log


Fatal error: Exception code=C0000005 @ 05/06/14 07:38:40 PM. Error log file: C:\Sistemas\Factura\VFP7Rerr.log


Fatal error: Exception code=C0000005 @ 05/06/14 07:38:40 PM. Error log file: C:\Sistemas\Factura\VFP7Rerr.log


Fatal error: Exception code=C0000005 @ 05/06/14 07:38:40 PM. Error log file: C:\Sistemas\Factura\VFP7Rerr.log


Fatal error: Exception code=C0000005 @ 05/06/14 07:38:40 PM. Error log file: C:\Sistemas\Factura\VFP7Rerr.log


Fatal error: Exception code=C0000005 @ 05/06/14 07:38:40 PM. Error log file: C:\Sistemas\Factura\VFP7Rerr.log


Fatal error: Exception code=C0000005 @ 05/06/14 07:38:40 PM. Error log file: C:\Sistemas\Factura\VFP7Rerr.log


Fatal error: Exception code=C0000005 @ 05/06/14 07:38:40 PM. Error log file: C:\Sistemas\Factura\VFP7Rerr.log


Fatal error: Exception code=C0000005 @ 05/06/14 07:38:40 PM. Error log file: C:\Sistemas\Factura\VFP7Rerr.log


Fatal error: Exception code=C0000005 @ 05/06/14 07:38:40 PM. Error log file: C:\Sistemas\Factura\VFP7Rerr.log


Fatal error: Exception code=C0000005 @ 05/06/14 07:38:40 PM. Error log file: C:\Sistemas\Factura\VFP7Rerr.log


Fatal error: Exception code=C0000005 @ 05/06/14 07:38:40 PM. Error log file: C:\Sistemas\Factura\VFP7Rerr.log


Fatal error: Exception code=C0000005 @ 05/06/14 07:38:40 PM. Error log file: C:\Sistemas\Factura\VFP7Rerr.log


Fatal error: Exception code=C0000005 @ 05/06/14 07:38:40 PM. Error log file: C:\Sistemas\Factura\VFP7Rerr.log


Fatal error: Exception code=C0000005 @ 05/06/14 07:38:40 PM. Error log file: C:\Sistemas\Factura\VFP7Rerr.log


Fatal error: Exception code=C0000005 @ 05/06/14 07:38:40 PM. Error log file: C:\Sistemas\Factura\VFP7Rerr.log


Fatal error: Exception code=C0000005 @ 05/06/14 07:38:40 PM. Error log file: C:\Sistemas\Factura\VFP7Rerr.log


Fatal error: Exception code=C0000005 @ 05/06/14 07:38:40 PM. Error log file: C:\Sistemas\Factura\VFP7Rerr.log


Fatal error: Exception code=C0000005 @ 05/06/14 07:38:40 PM. Error log file: C:\Sistemas\Factura\VFP7Rerr.log


Fatal error: Exception code=C0000005 @ 05/06/14 07:38:40 PM. Error log file: C:\Sistemas\Factura\VFP7Rerr.log


Fatal error: Exception code=C0000005 @ 05/06/14 07:45:08 PM. Error log file: C:\Sistemas\Factura\VFP7Rerr.log


Fatal error: Exception code=C0000005 @ 05/06/14 07:45:08 PM. Error log file: C:\Sistemas\Factura\VFP7Rerr.log


Fatal error: Exception code=C0000005 @ 05/06/14 07:45:08 PM. Error log file: C:\Sistemas\Factura\VFP7Rerr.log


Fatal error: Exception code=C0000005 @ 05/06/14 07:45:08 PM. Error log file: C:\Sistemas\Factura\VFP7Rerr.log


Fatal error: Exception code=C0000005 @ 05/06/14 07:45:08 PM. Error log file: C:\Sistemas\Factura\VFP7Rerr.log


Fatal error: Exception code=C0000005 @ 05/06/14 07:45:08 PM. Error log file: C:\Sistemas\Factura\VFP7Rerr.log


Fatal error: Exception code=C0000005 @ 05/06/14 07:45:08 PM. Error log file: C:\Sistemas\Factura\VFP7Rerr.log


Fatal error: Exception code=C0000005 @ 05/06/14 07:45:08 PM. Error log file: C:\Sistemas\Factura\VFP7Rerr.log


Fatal error: Exception code=C0000005 @ 05/06/14 07:45:08 PM. Error log file: C:\Sistemas\Factura\VFP7Rerr.log


Fatal error: Exception code=C0000005 @ 05/06/14 07:45:08 PM. Error log file: C:\Sistemas\Factura\VFP7Rerr.log


Fatal error: Exception code=C0000005 @ 05/06/14 07:45:08 PM. Error log file: C:\Sistemas\Factura\VFP7Rerr.log


Fatal error: Exception code=C0000005 @ 05/06/14 07:45:08 PM. Error log file: C:\Sistemas\Factura\VFP7Rerr.log


Fatal error: Exception code=C0000005 @ 05/06/14 07:45:08 PM. Error log file: C:\Sistemas\Factura\VFP7Rerr.log


Fatal error: Exception code=C0000005 @ 05/06/14 07:45:08 PM. Error log file: C:\Sistemas\Factura\VFP7Rerr.log


Fatal error: Exception code=C0000005 @ 05/06/14 07:45:08 PM. Error log file: C:\Sistemas\Factura\VFP7Rerr.log


Fatal error: Exception code=C0000005 @ 05/06/14 07:45:08 PM. Error log file: C:\Sistemas\Factura\VFP7Rerr.log


Fatal error: Exception code=C0000005 @ 05/06/14 07:45:08 PM. Error log file: C:\Sistemas\Factura\VFP7Rerr.log


Fatal error: Exception code=C0000005 @ 05/06/14 07:45:08 PM. Error log file: C:\Sistemas\Factura\VFP7Rerr.log


Fatal error: Exception code=C0000005 @ 05/06/14 07:45:08 PM. Error log file: C:\Sistemas\Factura\VFP7Rerr.log


Fatal error: Exception code=C0000005 @ 05/06/14 07:45:08 PM. Error log file: C:\Sistemas\Factura\VFP7Rerr.log


Fatal error: Exception code=C0000005 @ 05/06/14 07:45:08 PM. Error log file: C:\Sistemas\Factura\VFP7Rerr.log


Fatal error: Exception code=C0000005 @ 05/06/14 07:45:08 PM. Error log file: C:\Sistemas\Factura\VFP7Rerr.log


Fatal error: Exception code=C0000005 @ 05/06/14 07:45:08 PM. Error log file: C:\Sistemas\Factura\VFP7Rerr.log


Fatal error: Exception code=C0000005 @ 05/06/14 07:45:08 PM. Error log file: C:\Sistemas\Factura\VFP7Rerr.log


Fatal error: Exception code=C0000005 @ 05/06/14 07:45:08 PM. Error log file: C:\Sistemas\Factura\VFP7Rerr.log


Fatal error: Exception code=C0000005 @ 05/06/14 07:45:08 PM. Error log file: C:\Sistemas\Factura\VFP7Rerr.log


Fatal error: Exception code=C0000005 @ 05/06/14 07:45:08 PM. Error log file: C:\Sistemas\Factura\VFP7Rerr.log


Fatal error: Exception code=C0000005 @ 05/06/14 07:45:08 PM. Error log file: C:\Sistemas\Factura\VFP7Rerr.log


Fatal error: Exception code=C0000005 @ 05/06/14 07:45:08 PM. Error log file: C:\Sistemas\Factura\VFP7Rerr.log


Fatal error: Exception code=C0000005 @ 05/06/14 07:45:08 PM. Error log file: C:\Sistemas\Factura\VFP7Rerr.log


Fatal error: Exception code=C0000005 @ 05/06/14 07:45:08 PM. Error log file: C:\Sistemas\Factura\VFP7Rerr.log


Fatal error: Exception code=C0000005 @ 05/06/14 07:45:08 PM. Error log file: C:\Sistemas\Factura\VFP7Rerr.log


Fatal error: Exception code=C0000005 @ 05/06/14 07:45:08 PM. Error log file: C:\Sistemas\Factura\VFP7Rerr.log


Fatal error: Exception code=C0000005 @ 05/06/14 07:45:08 PM. Error log file: C:\Sistemas\Factura\VFP7Rerr.log


Fatal error: Exception code=C0000005 @ 05/06/14 07:45:08 PM. Error log file: C:\Sistemas\Factura\VFP7Rerr.log


Fatal error: Exception code=C0000005 @ 05/06/14 07:45:08 PM. Error log file: C:\Sistemas\Factura\VFP7Rerr.log


Fatal error: Exception code=C0000005 @ 05/06/14 07:45:08 PM. Error log file: C:\Sistemas\Factura\VFP7Rerr.log


Fatal error: Exception code=C0000005 @ 05/06/14 07:45:08 PM. Error log file: C:\Sistemas\Factura\VFP7Rerr.log


Error grave: código de excepción=C0000005 @ 08/06/14 01:21:04 PM. Archivo de registro de errores: C:\Sistemas\Factura\VFP7Rerr.log


Error grave: código de excepción=C0000005 @ 08/06/14 01:21:04 PM. Archivo de registro de errores: C:\Sistemas\Factura\VFP7Rerr.log


Error grave: código de excepción=C0000005 @ 08/06/14 01:21:04 PM. Archivo de registro de errores: C:\Sistemas\Factura\VFP7Rerr.log


Error grave: código de excepción=C0000005 @ 08/06/14 01:21:04 PM. Archivo de registro de errores: C:\Sistemas\Factura\VFP7Rerr.log


Error grave: código de excepción=C0000005 @ 08/06/14 01:21:04 PM. Archivo de registro de errores: C:\Sistemas\Factura\VFP7Rerr.log


Error grave: código de excepción=C0000005 @ 08/06/14 01:21:04 PM. Archivo de registro de errores: C:\Sistemas\Factura\VFP7Rerr.log


Error grave: código de excepción=C0000005 @ 08/06/14 01:21:04 PM. Archivo de registro de errores: C:\Sistemas\Factura\VFP7Rerr.log


Error grave: código de excepción=C0000005 @ 08/06/14 01:21:04 PM. Archivo de registro de errores: C:\Sistemas\Factura\VFP7Rerr.log


Error grave: código de excepción=C0000005 @ 08/06/14 01:21:04 PM. Archivo de registro de errores: C:\Sistemas\Factura\VFP7Rerr.log


Error grave: código de excepción=C0000005 @ 08/06/14 01:21:05 PM. Archivo de registro de errores: C:\Sistemas\Factura\VFP7Rerr.log


Error grave: código de excepción=C0000005 @ 08/06/14 01:21:05 PM. Archivo de registro de errores: C:\Sistemas\Factura\VFP7Rerr.log


Error grave: código de excepción=C0000005 @ 08/06/14 01:21:05 PM. Archivo de registro de errores: C:\Sistemas\Factura\VFP7Rerr.log


Error grave: código de excepción=C0000005 @ 08/06/14 01:21:05 PM. Archivo de registro de errores: C:\Sistemas\Factura\VFP7Rerr.log


Error grave: código de excepción=C0000005 @ 08/06/14 01:21:05 PM. Archivo de registro de errores: C:\Sistemas\Factura\VFP7Rerr.log


Error grave: código de excepción=C0000005 @ 08/06/14 01:21:05 PM. Archivo de registro de errores: C:\Sistemas\Factura\VFP7Rerr.log


Error grave: código de excepción=C0000005 @ 08/06/14 01:21:05 PM. Archivo de registro de errores: C:\Sistemas\Factura\VFP7Rerr.log


Error grave: código de excepción=C0000005 @ 08/06/14 01:21:05 PM. Archivo de registro de errores: C:\Sistemas\Factura\VFP7Rerr.log


Error grave: código de excepción=C0000005 @ 08/06/14 01:21:05 PM. Archivo de registro de errores: C:\Sistemas\Factura\VFP7Rerr.log


Error grave: código de excepción=C0000005 @ 08/06/14 01:21:05 PM. Archivo de registro de errores: C:\Sistemas\Factura\VFP7Rerr.log


Error grave: código de excepción=C0000005 @ 08/06/14 01:21:05 PM. Archivo de registro de errores: C:\Sistemas\Factura\VFP7Rerr.log


Error grave: código de excepción=C0000005 @ 08/06/14 01:21:05 PM. Archivo de registro de errores: C:\Sistemas\Factura\VFP7Rerr.log


Error grave: código de excepción=C0000005 @ 08/06/14 01:21:05 PM. Archivo de registro de errores: C:\Sistemas\Factura\VFP7Rerr.log


Error grave: código de excepción=C0000005 @ 08/06/14 01:21:05 PM. Archivo de registro de errores: C:\Sistemas\Factura\VFP7Rerr.log


Error grave: código de excepción=C0000005 @ 08/06/14 01:21:05 PM. Archivo de registro de errores: C:\Sistemas\Factura\VFP7Rerr.log


Error grave: código de excepción=C0000005 @ 08/06/14 01:21:05 PM. Archivo de registro de errores: C:\Sistemas\Factura\VFP7Rerr.log


Error grave: código de excepción=C0000005 @ 08/06/14 01:21:05 PM. Archivo de registro de errores: C:\Sistemas\Factura\VFP7Rerr.log


Error grave: código de excepción=C0000005 @ 08/06/14 01:21:05 PM. Archivo de registro de errores: C:\Sistemas\Factura\VFP7Rerr.log


Error grave: código de excepción=C0000005 @ 08/06/14 01:21:05 PM. Archivo de registro de errores: C:\Sistemas\Factura\VFP7Rerr.log


Error grave: código de excepción=C0000005 @ 08/06/14 01:21:05 PM. Archivo de registro de errores: C:\Sistemas\Factura\VFP7Rerr.log


Error grave: código de excepción=C0000005 @ 08/06/14 01:21:05 PM. Archivo de registro de errores: C:\Sistemas\Factura\VFP7Rerr.log


Error grave: código de excepción=C0000005 @ 08/06/14 01:21:05 PM. Archivo de registro de errores: C:\Sistemas\Factura\VFP7Rerr.log


Error grave: código de excepción=C0000005 @ 08/06/14 01:21:05 PM. Archivo de registro de errores: C:\Sistemas\Factura\VFP7Rerr.log


Error grave: código de excepción=C0000005 @ 08/06/14 01:21:05 PM. Archivo de registro de errores: C:\Sistemas\Factura\VFP7Rerr.log


Error grave: código de excepción=C0000005 @ 08/06/14 01:21:05 PM. Archivo de registro de errores: C:\Sistemas\Factura\VFP7Rerr.log


Error grave: código de excepción=C0000005 @ 08/06/14 01:21:05 PM. Archivo de registro de errores: C:\Sistemas\Factura\VFP7Rerr.log


Error grave: código de excepción=C0000005 @ 08/06/14 01:21:05 PM. Archivo de registro de errores: C:\Sistemas\Factura\VFP7Rerr.log


Error grave: código de excepción=C0000005 @ 08/06/14 01:21:05 PM. Archivo de registro de errores: C:\Sistemas\Factura\VFP7Rerr.log


Error grave: código de excepción=C0000005 @ 08/06/14 01:21:05 PM. Archivo de registro de errores: C:\Sistemas\Factura\VFP7Rerr.log


Error grave: código de excepción=C0000005 @ 08/06/14 01:53:16 PM. Archivo de registro de errores: C:\Sistemas\Factura\VFP7Rerr.log


Error grave: código de excepción=C0000005 @ 08/06/14 02:06:22 PM. Archivo de registro de errores: C:\Sistemas\Factura\VFP7Rerr.log


Error grave: código de excepción=C0000005 @ 08/06/14 02:06:23 PM. Archivo de registro de errores: C:\Sistemas\Factura\VFP7Rerr.log


Error grave: código de excepción=C0000005 @ 08/06/14 02:06:23 PM. Archivo de registro de errores: C:\Sistemas\Factura\VFP7Rerr.log


Error grave: código de excepción=C0000005 @ 08/06/14 02:06:25 PM. Archivo de registro de errores: C:\Sistemas\Factura\VFP7Rerr.log


Error grave: código de excepción=C0000005 @ 08/06/14 02:06:25 PM. Archivo de registro de errores: C:\Sistemas\Factura\VFP7Rerr.log


Error grave: código de excepción=C0000005 @ 08/06/14 02:06:25 PM. Archivo de registro de errores: C:\Sistemas\Factura\VFP7Rerr.log


Error grave: código de excepción=C0000005 @ 08/06/14 02:06:25 PM. Archivo de registro de errores: C:\Sistemas\Factura\VFP7Rerr.log


Error grave: código de excepción=C0000005 @ 08/06/14 02:06:25 PM. Archivo de registro de errores: C:\Sistemas\Factura\VFP7Rerr.log


Error grave: código de excepción=C0000005 @ 08/06/14 02:06:25 PM. Archivo de registro de errores: C:\Sistemas\Factura\VFP7Rerr.log


Error grave: código de excepción=C0000005 @ 08/06/14 02:06:25 PM. Archivo de registro de errores: C:\Sistemas\Factura\VFP7Rerr.log


Error grave: código de excepción=C0000005 @ 08/06/14 02:06:25 PM. Archivo de registro de errores: C:\Sistemas\Factura\VFP7Rerr.log


Error grave: código de excepción=C0000005 @ 08/06/14 02:06:25 PM. Archivo de registro de errores: C:\Sistemas\Factura\VFP7Rerr.log


Error grave: código de excepción=C0000005 @ 08/06/14 02:06:25 PM. Archivo de registro de errores: C:\Sistemas\Factura\VFP7Rerr.log


Error grave: código de excepción=C0000005 @ 08/06/14 02:06:25 PM. Archivo de registro de errores: C:\Sistemas\Factura\VFP7Rerr.log


Error grave: código de excepción=C0000005 @ 08/06/14 02:06:25 PM. Archivo de registro de errores: C:\Sistemas\Factura\VFP7Rerr.log


Error grave: código de excepción=C0000005 @ 08/06/14 02:06:25 PM. Archivo de registro de errores: C:\Sistemas\Factura\VFP7Rerr.log


Error grave: código de excepción=C0000005 @ 08/06/14 02:06:25 PM. Archivo de registro de errores: C:\Sistemas\Factura\VFP7Rerr.log


Error grave: código de excepción=C0000005 @ 08/06/14 02:06:25 PM. Archivo de registro de errores: C:\Sistemas\Factura\VFP7Rerr.log


Error grave: código de excepción=C0000005 @ 08/06/14 02:06:25 PM. Archivo de registro de errores: C:\Sistemas\Factura\VFP7Rerr.log


Error grave: código de excepción=C0000005 @ 08/06/14 02:06:25 PM. Archivo de registro de errores: C:\Sistemas\Factura\VFP7Rerr.log


Error grave: código de excepción=C0000005 @ 08/06/14 02:06:25 PM. Archivo de registro de errores: C:\Sistemas\Factura\VFP7Rerr.log


Error grave: código de excepción=C0000005 @ 08/06/14 02:06:25 PM. Archivo de registro de errores: C:\Sistemas\Factura\VFP7Rerr.log


Error grave: código de excepción=C0000005 @ 08/06/14 02:06:25 PM. Archivo de registro de errores: C:\Sistemas\Factura\VFP7Rerr.log


Error grave: código de excepción=C0000005 @ 08/06/14 02:06:26 PM. Archivo de registro de errores: C:\Sistemas\Factura\VFP7Rerr.log


Error grave: código de excepción=C0000005 @ 08/06/14 02:06:26 PM. Archivo de registro de errores: C:\Sistemas\Factura\VFP7Rerr.log


Error grave: código de excepción=C0000005 @ 08/06/14 02:06:26 PM. Archivo de registro de errores: C:\Sistemas\Factura\VFP7Rerr.log


Error grave: código de excepción=C0000005 @ 08/06/14 02:06:26 PM. Archivo de registro de errores: C:\Sistemas\Factura\VFP7Rerr.log


Error grave: código de excepción=C0000005 @ 08/06/14 02:06:26 PM. Archivo de registro de errores: C:\Sistemas\Factura\VFP7Rerr.log


Error grave: código de excepción=C0000005 @ 08/06/14 02:06:26 PM. Archivo de registro de errores: C:\Sistemas\Factura\VFP7Rerr.log


Error grave: código de excepción=C0000005 @ 08/06/14 02:06:26 PM. Archivo de registro de errores: C:\Sistemas\Factura\VFP7Rerr.log


Error grave: código de excepción=C0000005 @ 08/06/14 02:06:26 PM. Archivo de registro de errores: C:\Sistemas\Factura\VFP7Rerr.log


Error grave: código de excepción=C0000005 @ 08/06/14 02:06:26 PM. Archivo de registro de errores: C:\Sistemas\Factura\VFP7Rerr.log


Error grave: código de excepción=C0000005 @ 08/06/14 02:06:26 PM. Archivo de registro de errores: C:\Sistemas\Factura\VFP7Rerr.log


Error grave: código de excepción=C0000005 @ 08/06/14 02:06:26 PM. Archivo de registro de errores: C:\Sistemas\Factura\VFP7Rerr.log


Error grave: código de excepción=C0000005 @ 08/06/14 02:06:26 PM. Archivo de registro de errores: C:\Sistemas\Factura\VFP7Rerr.log


Error grave: código de excepción=C0000005 @ 08/06/14 02:06:26 PM. Archivo de registro de errores: C:\Sistemas\Factura\VFP7Rerr.log


Error grave: código de excepción=C0000005 @ 08/06/14 02:06:26 PM. Archivo de registro de errores: C:\Sistemas\Factura\VFP7Rerr.log


Error grave: código de excepción=C0000005 @ 08/06/14 02:16:48 PM. Archivo de registro de errores: C:\Sistemas\Factura\VFP7Rerr.log


Error grave: código de excepción=C0000005 @ 08/06/14 02:16:49 PM. Archivo de registro de errores: C:\Sistemas\Factura\VFP7Rerr.log


Error grave: código de excepción=C0000005 @ 08/06/14 02:16:49 PM. Archivo de registro de errores: C:\Sistemas\Factura\VFP7Rerr.log


Error grave: código de excepción=C0000005 @ 08/06/14 02:16:51 PM. Archivo de registro de errores: C:\Sistemas\Factura\VFP7Rerr.log


Error grave: código de excepción=C0000005 @ 08/06/14 02:16:51 PM. Archivo de registro de errores: C:\Sistemas\Factura\VFP7Rerr.log


Error grave: código de excepción=C0000005 @ 08/06/14 02:16:51 PM. Archivo de registro de errores: C:\Sistemas\Factura\VFP7Rerr.log


Error grave: código de excepción=C0000005 @ 08/06/14 02:16:51 PM. Archivo de registro de errores: C:\Sistemas\Factura\VFP7Rerr.log


Error grave: código de excepción=C0000005 @ 08/06/14 02:16:51 PM. Archivo de registro de errores: C:\Sistemas\Factura\VFP7Rerr.log


Error grave: código de excepción=C0000005 @ 08/06/14 02:16:51 PM. Archivo de registro de errores: C:\Sistemas\Factura\VFP7Rerr.log


Error grave: código de excepción=C0000005 @ 08/06/14 02:16:51 PM. Archivo de registro de errores: C:\Sistemas\Factura\VFP7Rerr.log


Error grave: código de excepción=C0000005 @ 08/06/14 02:16:51 PM. Archivo de registro de errores: C:\Sistemas\Factura\VFP7Rerr.log


Error grave: código de excepción=C0000005 @ 08/06/14 02:16:51 PM. Archivo de registro de errores: C:\Sistemas\Factura\VFP7Rerr.log


Error grave: código de excepción=C0000005 @ 08/06/14 02:16:51 PM. Archivo de registro de errores: C:\Sistemas\Factura\VFP7Rerr.log


Error grave: código de excepción=C0000005 @ 08/06/14 02:16:51 PM. Archivo de registro de errores: C:\Sistemas\Factura\VFP7Rerr.log


Error grave: código de excepción=C0000005 @ 08/06/14 02:16:51 PM. Archivo de registro de errores: C:\Sistemas\Factura\VFP7Rerr.log


Error grave: código de excepción=C0000005 @ 08/06/14 02:16:51 PM. Archivo de registro de errores: C:\Sistemas\Factura\VFP7Rerr.log


Error grave: código de excepción=C0000005 @ 08/06/14 02:16:51 PM. Archivo de registro de errores: C:\Sistemas\Factura\VFP7Rerr.log


Error grave: código de excepción=C0000005 @ 08/06/14 02:16:51 PM. Archivo de registro de errores: C:\Sistemas\Factura\VFP7Rerr.log


Error grave: código de excepción=C0000005 @ 08/06/14 02:16:51 PM. Archivo de registro de errores: C:\Sistemas\Factura\VFP7Rerr.log


Error grave: código de excepción=C0000005 @ 08/06/14 02:16:51 PM. Archivo de registro de errores: C:\Sistemas\Factura\VFP7Rerr.log


Error grave: código de excepción=C0000005 @ 08/06/14 02:16:51 PM. Archivo de registro de errores: C:\Sistemas\Factura\VFP7Rerr.log


Error grave: código de excepción=C0000005 @ 08/06/14 02:16:51 PM. Archivo de registro de errores: C:\Sistemas\Factura\VFP7Rerr.log


Error grave: código de excepción=C0000005 @ 08/06/14 02:16:51 PM. Archivo de registro de errores: C:\Sistemas\Factura\VFP7Rerr.log


Error grave: código de excepción=C0000005 @ 08/06/14 02:16:51 PM. Archivo de registro de errores: C:\Sistemas\Factura\VFP7Rerr.log


Error grave: código de excepción=C0000005 @ 08/06/14 02:16:51 PM. Archivo de registro de errores: C:\Sistemas\Factura\VFP7Rerr.log


Error grave: código de excepción=C0000005 @ 08/06/14 02:16:51 PM. Archivo de registro de errores: C:\Sistemas\Factura\VFP7Rerr.log


Error grave: código de excepción=C0000005 @ 08/06/14 02:16:51 PM. Archivo de registro de errores: C:\Sistemas\Factura\VFP7Rerr.log


Error grave: código de excepción=C0000005 @ 08/06/14 02:16:51 PM. Archivo de registro de errores: C:\Sistemas\Factura\VFP7Rerr.log


Error grave: código de excepción=C0000005 @ 08/06/14 02:16:51 PM. Archivo de registro de errores: C:\Sistemas\Factura\VFP7Rerr.log


Error grave: código de excepción=C0000005 @ 08/06/14 02:16:51 PM. Archivo de registro de errores: C:\Sistemas\Factura\VFP7Rerr.log


Error grave: código de excepción=C0000005 @ 08/06/14 02:16:51 PM. Archivo de registro de errores: C:\Sistemas\Factura\VFP7Rerr.log


Error grave: código de excepción=C0000005 @ 08/06/14 02:16:51 PM. Archivo de registro de errores: C:\Sistemas\Factura\VFP7Rerr.log


Error grave: código de excepción=C0000005 @ 08/06/14 02:16:51 PM. Archivo de registro de errores: C:\Sistemas\Factura\VFP7Rerr.log


Error grave: código de excepción=C0000005 @ 08/06/14 02:16:51 PM. Archivo de registro de errores: C:\Sistemas\Factura\VFP7Rerr.log


Error grave: código de excepción=C0000005 @ 08/06/14 02:16:51 PM. Archivo de registro de errores: C:\Sistemas\Factura\VFP7Rerr.log


Error grave: código de excepción=C0000005 @ 08/06/14 02:16:51 PM. Archivo de registro de errores: C:\Sistemas\Factura\VFP7Rerr.log


Error grave: código de excepción=C0000005 @ 08/06/14 02:16:51 PM. Archivo de registro de errores: C:\Sistemas\Factura\VFP7Rerr.log


Error grave: código de excepción=C0000006 @ 14/06/14 08:34:50 PM. Archivo de registro de errores: Z:\Sistemas\Factura\VFP7Rerr.log
	Llamado desde -  tastrade.do line 0  { }
	Llamado desde -  main line 0  { z:\sistemas\factura\factura.exe}


Error grave: código de excepción=C0000006 @ 18/06/14 09:23:25 AM. Archivo de registro de errores: Z:\Sistemas\Factura\VFP7Rerr.log
	Llamado desde -  frmorderentry.cmdnomprod.click line 0  { }
	Llamado desde -  tstoolbar.cmdbehindsc.click line 0  { }
	Llamado desde -  ON...  line 0  { }
	Llamado desde -  tastrade.do line 0  { }
	Llamado desde -  main line 0  { z:\sistemas\factura\factura.exe}


Fatal error: Exception code=C0000005 @ 01/07/14 10:45:55 PM. Error log file: C:\Sistemas\Factura\VFP7Rerr.log
	Called from -  frmorderentry.grabamovimientos line 0  { }
	Called from -  frmorderentry.confirmapago line 0  { }
	Called from -  tstoolbar.cmdsave.click line 0  { }
	Called from -  tastrade.do line 0  { }
	Called from -  main line 0  { c:\sistemas\factura\factura.exe}


Fatal error: Exception code=C00000FD @ 24/08/14 01:40:20 PM. Error log file: C:\Sistemas\Factura\VFP7Rerr.log
	Called from -  frmorderentry.insertfact line 0  { }
	Called from -  frmorderentry.procesopagos line 0  { }
	Called from -  frmorderentry.confirmapago line 0  { }
	Called from -  tstoolbar.cmdsave.click line 0  { }
	Called from -  tastrade.do line 0  { }
	Called from -  main line 0  { c:\sistemas\factura\factura.exe}


Fatal error: Exception code=C00000FD @ 24/08/14 01:42:39 PM. Error log file: C:\Sistemas\Factura\VFP7Rerr.log
	Called from -  frmorderentry.insertfact line 0  { }
	Called from -  frmorderentry.procesopagos line 0  { }
	Called from -  frmorderentry.confirmapago line 0  { }
	Called from -  tstoolbar.cmdsave.click line 0  { }
	Called from -  tastrade.do line 0  { }
	Called from -  main line 0  { c:\sistemas\factura\factura.exe}
